{
"/Users/xwatkins/projects/ProtVista/src/Constants.js":{"path":"/Users/xwatkins/projects/ProtVista/src/Constants.js","s":{"1":1,"2":1,"3":1,"4":1,"5":1,"6":1,"7":1,"8":1,"9":1,"10":1,"11":1,"12":1,"13":1,"14":0,"15":0,"16":1,"17":0,"18":2,"19":0,"20":0,"21":0,"22":1,"23":1,"24":0,"25":0,"26":0,"27":2,"28":0,"29":0,"30":0,"31":0,"32":0,"33":0,"34":0,"35":0,"36":0,"37":0,"38":0,"39":2,"40":2,"41":2,"42":2,"43":15,"44":2,"45":1,"46":1,"47":3,"48":24,"49":3,"50":1,"51":1,"52":2,"53":2,"54":10,"55":0,"56":1,"57":3,"58":3,"59":2,"60":2,"61":1},"b":{"1":[0,0],"2":[1,1],"3":[1,2],"4":[1,1]},"f":{"1":1,"2":0,"3":0,"4":1,"5":0,"6":2,"7":0,"8":0,"9":0,"10":1,"11":0,"12":0,"13":0,"14":2,"15":0,"16":0,"17":0,"18":0,"19":2,"20":2,"21":15,"22":1,"23":3,"24":24,"25":10,"26":0,"27":1,"28":3,"29":2},"fnMap":{"1":{"name":"(anonymous_1)","line":43,"loc":{"start":{"line":43,"column":16},"end":{"line":43,"column":27}}},"2":{"name":"(anonymous_2)","line":45,"loc":{"start":{"line":45,"column":17},"end":{"line":45,"column":28}}},"3":{"name":"(anonymous_3)","line":48,"loc":{"start":{"line":48,"column":21},"end":{"line":48,"column":32}}},"4":{"name":"(anonymous_4)","line":51,"loc":{"start":{"line":51,"column":27},"end":{"line":51,"column":38}}},"5":{"name":"(anonymous_5)","line":54,"loc":{"start":{"line":54,"column":24},"end":{"line":54,"column":35}}},"6":{"name":"(anonymous_6)","line":57,"loc":{"start":{"line":57,"column":20},"end":{"line":57,"column":31}}},"7":{"name":"(anonymous_7)","line":60,"loc":{"start":{"line":60,"column":27},"end":{"line":60,"column":38}}},"8":{"name":"(anonymous_8)","line":63,"loc":{"start":{"line":63,"column":27},"end":{"line":63,"column":38}}},"9":{"name":"(anonymous_9)","line":66,"loc":{"start":{"line":66,"column":22},"end":{"line":66,"column":33}}},"10":{"name":"(anonymous_10)","line":69,"loc":{"start":{"line":69,"column":15},"end":{"line":69,"column":32}}},"11":{"name":"(anonymous_11)","line":73,"loc":{"start":{"line":73,"column":24},"end":{"line":73,"column":46}}},"12":{"name":"(anonymous_12)","line":76,"loc":{"start":{"line":76,"column":25},"end":{"line":76,"column":36}}},"13":{"name":"(anonymous_13)","line":79,"loc":{"start":{"line":79,"column":22},"end":{"line":79,"column":33}}},"14":{"name":"(anonymous_14)","line":82,"loc":{"start":{"line":82,"column":29},"end":{"line":82,"column":40}}},"15":{"name":"(anonymous_15)","line":85,"loc":{"start":{"line":85,"column":29},"end":{"line":85,"column":50}}},"16":{"name":"(anonymous_16)","line":88,"loc":{"start":{"line":88,"column":30},"end":{"line":88,"column":54}}},"17":{"name":"(anonymous_17)","line":90,"loc":{"start":{"line":90,"column":30},"end":{"line":90,"column":45}}},"18":{"name":"(anonymous_18)","line":92,"loc":{"start":{"line":92,"column":49},"end":{"line":92,"column":70}}},"19":{"name":"(anonymous_19)","line":103,"loc":{"start":{"line":103,"column":24},"end":{"line":103,"column":39}}},"20":{"name":"(anonymous_20)","line":108,"loc":{"start":{"line":108,"column":21},"end":{"line":108,"column":44}}},"21":{"name":"(anonymous_21)","line":109,"loc":{"start":{"line":109,"column":42},"end":{"line":109,"column":56}}},"22":{"name":"(anonymous_22)","line":116,"loc":{"start":{"line":116,"column":19},"end":{"line":116,"column":40}}},"23":{"name":"(anonymous_23)","line":118,"loc":{"start":{"line":118,"column":27},"end":{"line":118,"column":45}}},"24":{"name":"(anonymous_24)","line":119,"loc":{"start":{"line":119,"column":46},"end":{"line":119,"column":60}}},"25":{"name":"(anonymous_25)","line":131,"loc":{"start":{"line":131,"column":19},"end":{"line":131,"column":30}}},"26":{"name":"(anonymous_26)","line":134,"loc":{"start":{"line":134,"column":19},"end":{"line":134,"column":40}}},"27":{"name":"(anonymous_27)","line":137,"loc":{"start":{"line":137,"column":19},"end":{"line":137,"column":41}}},"28":{"name":"(anonymous_28)","line":138,"loc":{"start":{"line":138,"column":28},"end":{"line":138,"column":48}}},"29":{"name":"(anonymous_29)","line":143,"loc":{"start":{"line":143,"column":18},"end":{"line":143,"column":38}}}},"statementMap":{"1":{"start":{"line":5,"column":0},"end":{"line":5,"column":30}},"2":{"start":{"line":6,"column":0},"end":{"line":6,"column":38}},"3":{"start":{"line":8,"column":0},"end":{"line":11,"column":2}},"4":{"start":{"line":12,"column":0},"end":{"line":12,"column":30}},"5":{"start":{"line":13,"column":0},"end":{"line":34,"column":2}},"6":{"start":{"line":35,"column":0},"end":{"line":35,"column":41}},"7":{"start":{"line":36,"column":0},"end":{"line":36,"column":19}},"8":{"start":{"line":37,"column":0},"end":{"line":37,"column":38}},"9":{"start":{"line":38,"column":0},"end":{"line":38,"column":38}},"10":{"start":{"line":39,"column":0},"end":{"line":40,"column":44}},"11":{"start":{"line":41,"column":0},"end":{"line":41,"column":26}},"12":{"start":{"line":43,"column":0},"end":{"line":149,"column":4}},"13":{"start":{"line":44,"column":2},"end":{"line":148,"column":4}},"14":{"start":{"line":46,"column":8},"end":{"line":46,"column":54}},"15":{"start":{"line":49,"column":6},"end":{"line":49,"column":76}},"16":{"start":{"line":52,"column":8},"end":{"line":52,"column":34}},"17":{"start":{"line":55,"column":8},"end":{"line":55,"column":31}},"18":{"start":{"line":58,"column":6},"end":{"line":58,"column":24}},"19":{"start":{"line":61,"column":6},"end":{"line":61,"column":28}},"20":{"start":{"line":64,"column":6},"end":{"line":64,"column":28}},"21":{"start":{"line":67,"column":6},"end":{"line":67,"column":27}},"22":{"start":{"line":70,"column":8},"end":{"line":70,"column":32}},"23":{"start":{"line":71,"column":8},"end":{"line":71,"column":32}},"24":{"start":{"line":74,"column":8},"end":{"line":74,"column":43}},"25":{"start":{"line":77,"column":8},"end":{"line":77,"column":40}},"26":{"start":{"line":80,"column":8},"end":{"line":80,"column":24}},"27":{"start":{"line":83,"column":8},"end":{"line":83,"column":29}},"28":{"start":{"line":86,"column":8},"end":{"line":86,"column":35}},"29":{"start":{"line":89,"column":8},"end":{"line":89,"column":35}},"30":{"start":{"line":90,"column":8},"end":{"line":100,"column":11}},"31":{"start":{"line":91,"column":12},"end":{"line":91,"column":29}},"32":{"start":{"line":92,"column":12},"end":{"line":95,"column":15}},"33":{"start":{"line":93,"column":16},"end":{"line":93,"column":33}},"34":{"start":{"line":94,"column":16},"end":{"line":94,"column":69}},"35":{"start":{"line":96,"column":12},"end":{"line":99,"column":13}},"36":{"start":{"line":97,"column":16},"end":{"line":97,"column":49}},"37":{"start":{"line":98,"column":16},"end":{"line":98,"column":50}},"38":{"start":{"line":101,"column":8},"end":{"line":101,"column":64}},"39":{"start":{"line":104,"column":8},"end":{"line":104,"column":44}},"40":{"start":{"line":105,"column":8},"end":{"line":105,"column":77}},"41":{"start":{"line":106,"column":8},"end":{"line":106,"column":21}},"42":{"start":{"line":109,"column":8},"end":{"line":111,"column":11}},"43":{"start":{"line":110,"column":12},"end":{"line":110,"column":45}},"44":{"start":{"line":112,"column":8},"end":{"line":114,"column":72}},"45":{"start":{"line":117,"column":8},"end":{"line":117,"column":22}},"46":{"start":{"line":118,"column":8},"end":{"line":129,"column":11}},"47":{"start":{"line":119,"column":12},"end":{"line":121,"column":15}},"48":{"start":{"line":120,"column":16},"end":{"line":120,"column":48}},"49":{"start":{"line":122,"column":12},"end":{"line":128,"column":13}},"50":{"start":{"line":123,"column":16},"end":{"line":123,"column":43}},"51":{"start":{"line":124,"column":16},"end":{"line":124,"column":67}},"52":{"start":{"line":126,"column":16},"end":{"line":126,"column":55}},"53":{"start":{"line":127,"column":16},"end":{"line":127,"column":24}},"54":{"start":{"line":132,"column":6},"end":{"line":132,"column":27}},"55":{"start":{"line":135,"column":8},"end":{"line":135,"column":35}},"56":{"start":{"line":138,"column":8},"end":{"line":141,"column":11}},"57":{"start":{"line":139,"column":12},"end":{"line":139,"column":36}},"58":{"start":{"line":140,"column":12},"end":{"line":140,"column":38}},"59":{"start":{"line":144,"column":8},"end":{"line":144,"column":43}},"60":{"start":{"line":145,"column":8},"end":{"line":146,"column":70}},"61":{"start":{"line":151,"column":0},"end":{"line":151,"column":27}}},"branchMap":{"1":{"line":96,"type":"if","locations":[{"start":{"line":96,"column":12},"end":{"line":96,"column":12}},{"start":{"line":96,"column":12},"end":{"line":96,"column":12}}]},"2":{"line":112,"type":"cond-expr","locations":[{"start":{"line":112,"column":23},"end":{"line":112,"column":28}},{"start":{"line":113,"column":14},"end":{"line":114,"column":71}}]},"3":{"line":122,"type":"if","locations":[{"start":{"line":122,"column":12},"end":{"line":122,"column":12}},{"start":{"line":122,"column":12},"end":{"line":122,"column":12}}]},"4":{"line":145,"type":"cond-expr","locations":[{"start":{"line":145,"column":44},"end":{"line":145,"column":70}},{"start":{"line":146,"column":14},"end":{"line":146,"column":69}}]}},"l":{"5":1,"6":1,"8":1,"12":1,"13":1,"35":1,"36":1,"37":1,"38":1,"39":1,"41":1,"43":1,"44":1,"46":0,"49":0,"52":1,"55":0,"58":2,"61":0,"64":0,"67":0,"70":1,"71":1,"74":0,"77":0,"80":0,"83":2,"86":0,"89":0,"90":0,"91":0,"92":0,"93":0,"94":0,"96":0,"97":0,"98":0,"101":0,"104":2,"105":2,"106":2,"109":2,"110":15,"112":2,"117":1,"118":1,"119":3,"120":24,"122":3,"123":1,"124":1,"126":2,"127":2,"132":10,"135":0,"138":1,"139":3,"140":3,"144":2,"145":2,"151":1}},
"/Users/xwatkins/projects/ProtVista/src/DataLoader.js":{"path":"/Users/xwatkins/projects/ProtVista/src/DataLoader.js","s":{"1":1,"2":1,"3":1,"4":1,"5":1,"6":337,"7":337,"8":616,"9":262,"10":354,"11":337,"12":1,"13":3,"14":729,"15":337,"16":729,"17":14,"18":25,"19":0,"20":3,"21":1,"22":439,"23":439,"24":0,"25":0,"26":0,"27":0,"28":0,"29":0,"30":0,"31":0,"32":0,"33":0,"34":0,"35":0,"36":0,"37":0,"38":439,"39":439,"40":1,"41":1,"42":0,"43":1,"44":1,"45":204,"46":1,"47":1,"48":0,"49":0,"50":1,"51":1,"52":1,"53":1,"54":1,"55":1,"56":7,"57":0,"58":1,"59":0,"60":0,"61":0,"62":1,"63":10,"64":7,"65":1,"66":0,"67":0,"68":1,"69":1,"70":1,"71":86,"72":84,"73":2,"74":86,"75":1,"76":0,"77":0,"78":1,"79":0,"80":0,"81":1,"82":1,"83":1,"84":1,"85":1,"86":1,"87":806,"88":1,"89":1,"90":439,"91":439,"92":439,"93":439,"94":439,"95":434,"96":5,"97":5,"98":439,"99":0,"100":1,"101":1},"b":{"1":[262,354],"2":[337,392],"3":[14,715],"4":[0,25],"5":[0,439],"6":[439,0],"7":[0,1],"8":[1,0,0],"9":[0,7],"10":[0,1],"11":[7,3],"12":[0,1],"13":[84,2],"14":[0,1],"15":[1,0],"16":[1,0],"17":[439,0],"18":[439,0],"19":[439,0],"20":[434,5],"21":[439,439],"22":[5,0],"23":[0,439]},"f":{"1":337,"2":616,"3":3,"4":729,"5":25,"6":439,"7":1,"8":0,"9":1,"10":204,"11":7,"12":10,"13":1,"14":86,"15":0,"16":1,"17":0,"18":806,"19":439},"fnMap":{"1":{"name":"(anonymous_1)","line":10,"loc":{"start":{"line":10,"column":23},"end":{"line":10,"column":46}}},"2":{"name":"(anonymous_2)","line":12,"loc":{"start":{"line":12,"column":24},"end":{"line":12,"column":37}}},"3":{"name":"(anonymous_3)","line":22,"loc":{"start":{"line":22,"column":27},"end":{"line":22,"column":46}}},"4":{"name":"(anonymous_4)","line":23,"loc":{"start":{"line":23,"column":21},"end":{"line":23,"column":34}}},"5":{"name":"(anonymous_5)","line":28,"loc":{"start":{"line":28,"column":35},"end":{"line":28,"column":53}}},"6":{"name":"(anonymous_6)","line":38,"loc":{"start":{"line":38,"column":21},"end":{"line":38,"column":41}}},"7":{"name":"(anonymous_7)","line":61,"loc":{"start":{"line":61,"column":17},"end":{"line":61,"column":28}}},"8":{"name":"(anonymous_8)","line":63,"loc":{"start":{"line":63,"column":13},"end":{"line":63,"column":27}}},"9":{"name":"(anonymous_9)","line":66,"loc":{"start":{"line":66,"column":33},"end":{"line":66,"column":87}}},"10":{"name":"(anonymous_10)","line":68,"loc":{"start":{"line":68,"column":49},"end":{"line":68,"column":61}}},"11":{"name":"(anonymous_11)","line":82,"loc":{"start":{"line":82,"column":31},"end":{"line":82,"column":57}}},"12":{"name":"(anonymous_12)","line":96,"loc":{"start":{"line":96,"column":36},"end":{"line":96,"column":54}}},"13":{"name":"(anonymous_13)","line":110,"loc":{"start":{"line":110,"column":27},"end":{"line":110,"column":46}}},"14":{"name":"(anonymous_14)","line":112,"loc":{"start":{"line":112,"column":40},"end":{"line":112,"column":52}}},"15":{"name":"(anonymous_15)","line":124,"loc":{"start":{"line":124,"column":34},"end":{"line":124,"column":53}}},"16":{"name":"(anonymous_16)","line":130,"loc":{"start":{"line":130,"column":25},"end":{"line":130,"column":86}}},"17":{"name":"(anonymous_17)","line":132,"loc":{"start":{"line":132,"column":33},"end":{"line":132,"column":51}}},"18":{"name":"(anonymous_18)","line":147,"loc":{"start":{"line":147,"column":24},"end":{"line":147,"column":39}}},"19":{"name":"(anonymous_19)","line":162,"loc":{"start":{"line":162,"column":29},"end":{"line":162,"column":41}}}},"statementMap":{"1":{"start":{"line":5,"column":0},"end":{"line":5,"column":26}},"2":{"start":{"line":6,"column":0},"end":{"line":6,"column":30}},"3":{"start":{"line":7,"column":0},"end":{"line":7,"column":37}},"4":{"start":{"line":8,"column":0},"end":{"line":8,"column":39}},"5":{"start":{"line":10,"column":0},"end":{"line":20,"column":2}},"6":{"start":{"line":11,"column":4},"end":{"line":11,"column":23}},"7":{"start":{"line":12,"column":4},"end":{"line":18,"column":7}},"8":{"start":{"line":13,"column":8},"end":{"line":17,"column":9}},"9":{"start":{"line":14,"column":12},"end":{"line":14,"column":47}},"10":{"start":{"line":16,"column":12},"end":{"line":16,"column":45}},"11":{"start":{"line":19,"column":4},"end":{"line":19,"column":21}},"12":{"start":{"line":22,"column":0},"end":{"line":36,"column":2}},"13":{"start":{"line":23,"column":4},"end":{"line":34,"column":7}},"14":{"start":{"line":24,"column":8},"end":{"line":26,"column":9}},"15":{"start":{"line":25,"column":12},"end":{"line":25,"column":58}},"16":{"start":{"line":27,"column":8},"end":{"line":33,"column":9}},"17":{"start":{"line":28,"column":12},"end":{"line":32,"column":15}},"18":{"start":{"line":29,"column":16},"end":{"line":31,"column":17}},"19":{"start":{"line":30,"column":20},"end":{"line":30,"column":76}},"20":{"start":{"line":35,"column":4},"end":{"line":35,"column":20}},"21":{"start":{"line":38,"column":0},"end":{"line":59,"column":2}},"22":{"start":{"line":39,"column":4},"end":{"line":39,"column":19}},"23":{"start":{"line":40,"column":4},"end":{"line":57,"column":5}},"24":{"start":{"line":41,"column":8},"end":{"line":41,"column":30}},"25":{"start":{"line":42,"column":8},"end":{"line":42,"column":23}},"26":{"start":{"line":43,"column":8},"end":{"line":43,"column":26}},"27":{"start":{"line":44,"column":8},"end":{"line":44,"column":21}},"28":{"start":{"line":45,"column":8},"end":{"line":45,"column":36}},"29":{"start":{"line":46,"column":8},"end":{"line":46,"column":26}},"30":{"start":{"line":47,"column":8},"end":{"line":47,"column":58}},"31":{"start":{"line":48,"column":8},"end":{"line":48,"column":37}},"32":{"start":{"line":49,"column":8},"end":{"line":49,"column":40}},"33":{"start":{"line":50,"column":8},"end":{"line":50,"column":28}},"34":{"start":{"line":51,"column":8},"end":{"line":51,"column":28}},"35":{"start":{"line":52,"column":8},"end":{"line":52,"column":22}},"36":{"start":{"line":53,"column":8},"end":{"line":53,"column":32}},"37":{"start":{"line":54,"column":8},"end":{"line":54,"column":39}},"38":{"start":{"line":56,"column":8},"end":{"line":56,"column":18}},"39":{"start":{"line":58,"column":4},"end":{"line":58,"column":17}},"40":{"start":{"line":61,"column":0},"end":{"line":181,"column":4}},"41":{"start":{"line":62,"column":4},"end":{"line":180,"column":6}},"42":{"start":{"line":64,"column":12},"end":{"line":64,"column":34}},"43":{"start":{"line":67,"column":12},"end":{"line":67,"column":54}},"44":{"start":{"line":68,"column":12},"end":{"line":70,"column":15}},"45":{"start":{"line":69,"column":16},"end":{"line":69,"column":34}},"46":{"start":{"line":71,"column":12},"end":{"line":71,"column":25}},"47":{"start":{"line":72,"column":12},"end":{"line":77,"column":13}},"48":{"start":{"line":73,"column":16},"end":{"line":73,"column":48}},"49":{"start":{"line":74,"column":16},"end":{"line":74,"column":44}},"50":{"start":{"line":76,"column":16},"end":{"line":76,"column":43}},"51":{"start":{"line":78,"column":12},"end":{"line":78,"column":34}},"52":{"start":{"line":79,"column":12},"end":{"line":79,"column":70}},"53":{"start":{"line":80,"column":12},"end":{"line":80,"column":63}},"54":{"start":{"line":81,"column":12},"end":{"line":81,"column":38}},"55":{"start":{"line":82,"column":12},"end":{"line":90,"column":15}},"56":{"start":{"line":83,"column":16},"end":{"line":89,"column":17}},"57":{"start":{"line":84,"column":20},"end":{"line":88,"column":23}},"58":{"start":{"line":91,"column":12},"end":{"line":95,"column":13}},"59":{"start":{"line":92,"column":16},"end":{"line":92,"column":58}},"60":{"start":{"line":93,"column":16},"end":{"line":93,"column":70}},"61":{"start":{"line":94,"column":16},"end":{"line":94,"column":67}},"62":{"start":{"line":96,"column":12},"end":{"line":103,"column":15}},"63":{"start":{"line":97,"column":16},"end":{"line":102,"column":17}},"64":{"start":{"line":98,"column":20},"end":{"line":101,"column":23}},"65":{"start":{"line":104,"column":12},"end":{"line":107,"column":13}},"66":{"start":{"line":105,"column":16},"end":{"line":105,"column":103}},"67":{"start":{"line":106,"column":16},"end":{"line":106,"column":58}},"68":{"start":{"line":108,"column":12},"end":{"line":108,"column":32}},"69":{"start":{"line":111,"column":12},"end":{"line":111,"column":54}},"70":{"start":{"line":112,"column":12},"end":{"line":119,"column":15}},"71":{"start":{"line":113,"column":16},"end":{"line":117,"column":17}},"72":{"start":{"line":114,"column":20},"end":{"line":114,"column":38}},"73":{"start":{"line":116,"column":20},"end":{"line":116,"column":42}},"74":{"start":{"line":118,"column":16},"end":{"line":118,"column":25}},"75":{"start":{"line":120,"column":12},"end":{"line":122,"column":14}},"76":{"start":{"line":125,"column":12},"end":{"line":125,"column":54}},"77":{"start":{"line":126,"column":12},"end":{"line":128,"column":14}},"78":{"start":{"line":131,"column":12},"end":{"line":135,"column":13}},"79":{"start":{"line":132,"column":16},"end":{"line":134,"column":19}},"80":{"start":{"line":133,"column":20},"end":{"line":133,"column":44}},"81":{"start":{"line":136,"column":12},"end":{"line":138,"column":13}},"82":{"start":{"line":137,"column":16},"end":{"line":137,"column":58}},"83":{"start":{"line":139,"column":12},"end":{"line":139,"column":35}},"84":{"start":{"line":140,"column":12},"end":{"line":145,"column":15}},"85":{"start":{"line":146,"column":12},"end":{"line":146,"column":41}},"86":{"start":{"line":147,"column":12},"end":{"line":154,"column":15}},"87":{"start":{"line":148,"column":16},"end":{"line":153,"column":19}},"88":{"start":{"line":155,"column":12},"end":{"line":160,"column":15}},"89":{"start":{"line":162,"column":12},"end":{"line":175,"column":15}},"90":{"start":{"line":163,"column":16},"end":{"line":163,"column":35}},"91":{"start":{"line":164,"column":16},"end":{"line":164,"column":49}},"92":{"start":{"line":165,"column":16},"end":{"line":165,"column":94}},"93":{"start":{"line":166,"column":16},"end":{"line":166,"column":88}},"94":{"start":{"line":167,"column":16},"end":{"line":171,"column":17}},"95":{"start":{"line":168,"column":20},"end":{"line":168,"column":84}},"96":{"start":{"line":169,"column":23},"end":{"line":171,"column":17}},"97":{"start":{"line":170,"column":20},"end":{"line":170,"column":88}},"98":{"start":{"line":172,"column":16},"end":{"line":174,"column":17}},"99":{"start":{"line":173,"column":20},"end":{"line":173,"column":64}},"100":{"start":{"line":176,"column":12},"end":{"line":178,"column":14}},"101":{"start":{"line":183,"column":0},"end":{"line":183,"column":28}}},"branchMap":{"1":{"line":13,"type":"if","locations":[{"start":{"line":13,"column":8},"end":{"line":13,"column":8}},{"start":{"line":13,"column":8},"end":{"line":13,"column":8}}]},"2":{"line":24,"type":"if","locations":[{"start":{"line":24,"column":8},"end":{"line":24,"column":8}},{"start":{"line":24,"column":8},"end":{"line":24,"column":8}}]},"3":{"line":27,"type":"if","locations":[{"start":{"line":27,"column":8},"end":{"line":27,"column":8}},{"start":{"line":27,"column":8},"end":{"line":27,"column":8}}]},"4":{"line":29,"type":"if","locations":[{"start":{"line":29,"column":16},"end":{"line":29,"column":16}},{"start":{"line":29,"column":16},"end":{"line":29,"column":16}}]},"5":{"line":40,"type":"if","locations":[{"start":{"line":40,"column":4},"end":{"line":40,"column":4}},{"start":{"line":40,"column":4},"end":{"line":40,"column":4}}]},"6":{"line":40,"type":"binary-expr","locations":[{"start":{"line":40,"column":8},"end":{"line":40,"column":14}},{"start":{"line":40,"column":19},"end":{"line":40,"column":58}}]},"7":{"line":72,"type":"if","locations":[{"start":{"line":72,"column":12},"end":{"line":72,"column":12}},{"start":{"line":72,"column":12},"end":{"line":72,"column":12}}]},"8":{"line":72,"type":"binary-expr","locations":[{"start":{"line":72,"column":16},"end":{"line":72,"column":22}},{"start":{"line":72,"column":27},"end":{"line":72,"column":66}},{"start":{"line":72,"column":72},"end":{"line":72,"column":96}}]},"9":{"line":83,"type":"if","locations":[{"start":{"line":83,"column":16},"end":{"line":83,"column":16}},{"start":{"line":83,"column":16},"end":{"line":83,"column":16}}]},"10":{"line":91,"type":"if","locations":[{"start":{"line":91,"column":12},"end":{"line":91,"column":12}},{"start":{"line":91,"column":12},"end":{"line":91,"column":12}}]},"11":{"line":97,"type":"if","locations":[{"start":{"line":97,"column":16},"end":{"line":97,"column":16}},{"start":{"line":97,"column":16},"end":{"line":97,"column":16}}]},"12":{"line":104,"type":"if","locations":[{"start":{"line":104,"column":12},"end":{"line":104,"column":12}},{"start":{"line":104,"column":12},"end":{"line":104,"column":12}}]},"13":{"line":113,"type":"if","locations":[{"start":{"line":113,"column":16},"end":{"line":113,"column":16}},{"start":{"line":113,"column":16},"end":{"line":113,"column":16}}]},"14":{"line":131,"type":"if","locations":[{"start":{"line":131,"column":12},"end":{"line":131,"column":12}},{"start":{"line":131,"column":12},"end":{"line":131,"column":12}}]},"15":{"line":131,"type":"binary-expr","locations":[{"start":{"line":131,"column":16},"end":{"line":131,"column":22}},{"start":{"line":131,"column":27},"end":{"line":131,"column":66}}]},"16":{"line":136,"type":"if","locations":[{"start":{"line":136,"column":12},"end":{"line":136,"column":12}},{"start":{"line":136,"column":12},"end":{"line":136,"column":12}}]},"17":{"line":164,"type":"cond-expr","locations":[{"start":{"line":164,"column":32},"end":{"line":164,"column":38}},{"start":{"line":164,"column":41},"end":{"line":164,"column":48}}]},"18":{"line":165,"type":"cond-expr","locations":[{"start":{"line":165,"column":42},"end":{"line":165,"column":52}},{"start":{"line":165,"column":55},"end":{"line":165,"column":93}}]},"19":{"line":166,"type":"cond-expr","locations":[{"start":{"line":166,"column":46},"end":{"line":166,"column":72}},{"start":{"line":166,"column":75},"end":{"line":166,"column":87}}]},"20":{"line":167,"type":"if","locations":[{"start":{"line":167,"column":16},"end":{"line":167,"column":16}},{"start":{"line":167,"column":16},"end":{"line":167,"column":16}}]},"21":{"line":167,"type":"binary-expr","locations":[{"start":{"line":167,"column":21},"end":{"line":167,"column":33}},{"start":{"line":167,"column":39},"end":{"line":167,"column":60}}]},"22":{"line":169,"type":"if","locations":[{"start":{"line":169,"column":23},"end":{"line":169,"column":23}},{"start":{"line":169,"column":23},"end":{"line":169,"column":23}}]},"23":{"line":172,"type":"if","locations":[{"start":{"line":172,"column":16},"end":{"line":172,"column":16}},{"start":{"line":172,"column":16},"end":{"line":172,"column":16}}]}},"l":{"5":1,"6":1,"7":1,"8":1,"10":1,"11":337,"12":337,"13":616,"14":262,"16":354,"19":337,"22":1,"23":3,"24":729,"25":337,"27":729,"28":14,"29":25,"30":0,"35":3,"38":1,"39":439,"40":439,"41":0,"42":0,"43":0,"44":0,"45":0,"46":0,"47":0,"48":0,"49":0,"50":0,"51":0,"52":0,"53":0,"54":0,"56":439,"58":439,"61":1,"62":1,"64":0,"67":1,"68":1,"69":204,"71":1,"72":1,"73":0,"74":0,"76":1,"78":1,"79":1,"80":1,"81":1,"82":1,"83":7,"84":0,"91":1,"92":0,"93":0,"94":0,"96":1,"97":10,"98":7,"104":1,"105":0,"106":0,"108":1,"111":1,"112":1,"113":86,"114":84,"116":2,"118":86,"120":1,"125":0,"126":0,"131":1,"132":0,"133":0,"136":1,"137":1,"139":1,"140":1,"146":1,"147":1,"148":806,"155":1,"162":1,"163":439,"164":439,"165":439,"166":439,"167":439,"168":434,"169":5,"170":5,"172":439,"173":0,"176":1,"183":1}},
"/Users/xwatkins/projects/ProtVista/src/Evidence.js":{"path":"/Users/xwatkins/projects/ProtVista/src/Evidence.js","s":{"1":1,"2":1,"3":1,"4":0,"5":0,"6":0,"7":0,"8":0,"9":0,"10":0,"11":0,"12":0,"13":1},"b":{"1":[0,0],"2":[0,0],"3":[0,0],"4":[0,0,0,0]},"f":{"1":1,"2":0,"3":0,"4":0},"fnMap":{"1":{"name":"(anonymous_1)","line":8,"loc":{"start":{"line":8,"column":15},"end":{"line":8,"column":26}}},"2":{"name":"(anonymous_2)","line":29,"loc":{"start":{"line":29,"column":18},"end":{"line":29,"column":38}}},"3":{"name":"(anonymous_3)","line":30,"loc":{"start":{"line":30,"column":37},"end":{"line":30,"column":56}}},"4":{"name":"(anonymous_4)","line":37,"loc":{"start":{"line":37,"column":29},"end":{"line":37,"column":51}}}},"statementMap":{"1":{"start":{"line":6,"column":0},"end":{"line":6,"column":30}},"2":{"start":{"line":8,"column":0},"end":{"line":54,"column":4}},"3":{"start":{"line":9,"column":4},"end":{"line":53,"column":6}},"4":{"start":{"line":30,"column":12},"end":{"line":32,"column":15}},"5":{"start":{"line":31,"column":16},"end":{"line":31,"column":69}},"6":{"start":{"line":38,"column":12},"end":{"line":51,"column":13}},"7":{"start":{"line":39,"column":16},"end":{"line":48,"column":17}},"8":{"start":{"line":40,"column":20},"end":{"line":45,"column":21}},"9":{"start":{"line":42,"column":24},"end":{"line":42,"column":36}},"10":{"start":{"line":44,"column":24},"end":{"line":44,"column":37}},"11":{"start":{"line":47,"column":20},"end":{"line":47,"column":33}},"12":{"start":{"line":50,"column":16},"end":{"line":50,"column":29}},"13":{"start":{"line":56,"column":0},"end":{"line":56,"column":26}}},"branchMap":{"1":{"line":38,"type":"if","locations":[{"start":{"line":38,"column":12},"end":{"line":38,"column":12}},{"start":{"line":38,"column":12},"end":{"line":38,"column":12}}]},"2":{"line":39,"type":"if","locations":[{"start":{"line":39,"column":16},"end":{"line":39,"column":16}},{"start":{"line":39,"column":16},"end":{"line":39,"column":16}}]},"3":{"line":40,"type":"if","locations":[{"start":{"line":40,"column":20},"end":{"line":40,"column":20}},{"start":{"line":40,"column":20},"end":{"line":40,"column":20}}]},"4":{"line":40,"type":"binary-expr","locations":[{"start":{"line":40,"column":25},"end":{"line":40,"column":48}},{"start":{"line":40,"column":53},"end":{"line":40,"column":89}},{"start":{"line":41,"column":27},"end":{"line":41,"column":46}},{"start":{"line":41,"column":50},"end":{"line":41,"column":76}}]}},"l":{"6":1,"8":1,"9":1,"30":0,"31":0,"38":0,"39":0,"40":0,"42":0,"44":0,"47":0,"50":0,"56":1}},
"/Users/xwatkins/projects/ProtVista/src/NonOverlappingLayout.js":{"path":"/Users/xwatkins/projects/ProtVista/src/NonOverlappingLayout.js","s":{"1":1,"2":1,"3":2,"4":2,"5":2,"6":314,"7":314,"8":314,"9":2,"10":310,"11":310,"12":310,"13":2,"14":30,"15":314,"16":314,"17":314,"18":2,"19":28,"20":1,"21":1,"22":1,"23":1,"24":1,"25":1,"26":1,"27":1,"28":1,"29":1,"30":28,"31":30,"32":26,"33":26,"34":28,"35":2,"36":2,"37":2,"38":1,"39":0,"40":0,"41":0,"42":0,"43":0,"44":0,"45":0,"46":1,"47":1,"48":1,"49":1,"50":1},"b":{"1":[314,240],"2":[314,241],"3":[314,311],"4":[310,73],"5":[310,73],"6":[310,310],"7":[314,0],"8":[314,0],"9":[314,310],"10":[0,1],"11":[26,4],"12":[2,26],"13":[0,0],"14":[0,0]},"f":{"1":2,"2":314,"3":310,"4":30,"5":314,"6":28,"7":1,"8":1,"9":28,"10":30,"11":0,"12":0,"13":0,"14":1,"15":1},"fnMap":{"1":{"name":"(anonymous_1)","line":7,"loc":{"start":{"line":7,"column":10},"end":{"line":7,"column":21}}},"2":{"name":"(anonymous_2)","line":11,"loc":{"start":{"line":11,"column":25},"end":{"line":11,"column":59}}},"3":{"name":"(anonymous_3)","line":18,"loc":{"start":{"line":18,"column":19},"end":{"line":18,"column":53}}},"4":{"name":"(anonymous_4)","line":24,"loc":{"start":{"line":24,"column":26},"end":{"line":24,"column":44}}},"5":{"name":"(anonymous_5)","line":25,"loc":{"start":{"line":25,"column":39},"end":{"line":25,"column":51}}},"6":{"name":"(anonymous_6)","line":32,"loc":{"start":{"line":32,"column":21},"end":{"line":32,"column":39}}},"7":{"name":"(anonymous_7)","line":37,"loc":{"start":{"line":37,"column":27},"end":{"line":37,"column":59}}},"8":{"name":"(anonymous_8)","line":46,"loc":{"start":{"line":46,"column":37},"end":{"line":46,"column":47}}},"9":{"name":"(anonymous_9)","line":53,"loc":{"start":{"line":53,"column":21},"end":{"line":53,"column":38}}},"10":{"name":"(anonymous_10)","line":54,"loc":{"start":{"line":54,"column":54},"end":{"line":54,"column":67}}},"11":{"name":"(anonymous_11)","line":68,"loc":{"start":{"line":68,"column":41},"end":{"line":68,"column":59}}},"12":{"name":"(anonymous_12)","line":74,"loc":{"start":{"line":74,"column":38},"end":{"line":74,"column":55}}},"13":{"name":"(anonymous_13)","line":75,"loc":{"start":{"line":75,"column":32},"end":{"line":75,"column":53}}},"14":{"name":"(anonymous_14)","line":85,"loc":{"start":{"line":85,"column":41},"end":{"line":85,"column":52}}},"15":{"name":"(anonymous_15)","line":89,"loc":{"start":{"line":89,"column":50},"end":{"line":89,"column":61}}}},"statementMap":{"1":{"start":{"line":5,"column":0},"end":{"line":5,"column":30}},"2":{"start":{"line":7,"column":0},"end":{"line":35,"column":2}},"3":{"start":{"line":8,"column":4},"end":{"line":8,"column":19}},"4":{"start":{"line":9,"column":4},"end":{"line":9,"column":25}},"5":{"start":{"line":11,"column":4},"end":{"line":16,"column":6}},"6":{"start":{"line":12,"column":8},"end":{"line":13,"column":52}},"7":{"start":{"line":14,"column":8},"end":{"line":14,"column":102}},"8":{"start":{"line":15,"column":8},"end":{"line":15,"column":56}},"9":{"start":{"line":18,"column":4},"end":{"line":22,"column":6}},"10":{"start":{"line":19,"column":8},"end":{"line":19,"column":109}},"11":{"start":{"line":20,"column":8},"end":{"line":20,"column":101}},"12":{"start":{"line":21,"column":8},"end":{"line":21,"column":44}},"13":{"start":{"line":24,"column":4},"end":{"line":30,"column":6}},"14":{"start":{"line":25,"column":8},"end":{"line":29,"column":11}},"15":{"start":{"line":26,"column":12},"end":{"line":26,"column":68}},"16":{"start":{"line":27,"column":12},"end":{"line":27,"column":49}},"17":{"start":{"line":28,"column":12},"end":{"line":28,"column":104}},"18":{"start":{"line":32,"column":4},"end":{"line":34,"column":6}},"19":{"start":{"line":33,"column":8},"end":{"line":33,"column":38}},"20":{"start":{"line":37,"column":0},"end":{"line":66,"column":2}},"21":{"start":{"line":38,"column":4},"end":{"line":38,"column":36}},"22":{"start":{"line":39,"column":4},"end":{"line":39,"column":37}},"23":{"start":{"line":40,"column":4},"end":{"line":40,"column":40}},"24":{"start":{"line":41,"column":4},"end":{"line":41,"column":39}},"25":{"start":{"line":42,"column":4},"end":{"line":42,"column":35}},"26":{"start":{"line":44,"column":4},"end":{"line":44,"column":51}},"27":{"start":{"line":46,"column":4},"end":{"line":51,"column":6}},"28":{"start":{"line":47,"column":8},"end":{"line":50,"column":47}},"29":{"start":{"line":53,"column":4},"end":{"line":65,"column":7}},"30":{"start":{"line":54,"column":8},"end":{"line":59,"column":11}},"31":{"start":{"line":55,"column":12},"end":{"line":58,"column":13}},"32":{"start":{"line":56,"column":16},"end":{"line":56,"column":40}},"33":{"start":{"line":57,"column":16},"end":{"line":57,"column":28}},"34":{"start":{"line":60,"column":8},"end":{"line":64,"column":9}},"35":{"start":{"line":61,"column":12},"end":{"line":61,"column":32}},"36":{"start":{"line":62,"column":12},"end":{"line":62,"column":36}},"37":{"start":{"line":63,"column":12},"end":{"line":63,"column":48}},"38":{"start":{"line":68,"column":0},"end":{"line":83,"column":2}},"39":{"start":{"line":69,"column":4},"end":{"line":69,"column":36}},"40":{"start":{"line":70,"column":4},"end":{"line":73,"column":16}},"41":{"start":{"line":74,"column":4},"end":{"line":81,"column":7}},"42":{"start":{"line":75,"column":8},"end":{"line":80,"column":11}},"43":{"start":{"line":76,"column":12},"end":{"line":79,"column":13}},"44":{"start":{"line":77,"column":16},"end":{"line":78,"column":27}},"45":{"start":{"line":82,"column":4},"end":{"line":82,"column":16}},"46":{"start":{"line":85,"column":0},"end":{"line":87,"column":2}},"47":{"start":{"line":86,"column":4},"end":{"line":86,"column":21}},"48":{"start":{"line":89,"column":0},"end":{"line":91,"column":2}},"49":{"start":{"line":90,"column":4},"end":{"line":90,"column":26}},"50":{"start":{"line":93,"column":0},"end":{"line":93,"column":38}}},"branchMap":{"1":{"line":12,"type":"binary-expr","locations":[{"start":{"line":12,"column":35},"end":{"line":12,"column":75}},{"start":{"line":13,"column":13},"end":{"line":13,"column":50}}]},"2":{"line":14,"type":"binary-expr","locations":[{"start":{"line":14,"column":33},"end":{"line":14,"column":65}},{"start":{"line":14,"column":71},"end":{"line":14,"column":100}}]},"3":{"line":15,"type":"binary-expr","locations":[{"start":{"line":15,"column":15},"end":{"line":15,"column":34}},{"start":{"line":15,"column":38},"end":{"line":15,"column":55}}]},"4":{"line":19,"type":"binary-expr","locations":[{"start":{"line":19,"column":29},"end":{"line":19,"column":69}},{"start":{"line":19,"column":75},"end":{"line":19,"column":107}}]},"5":{"line":20,"type":"binary-expr","locations":[{"start":{"line":20,"column":27},"end":{"line":20,"column":64}},{"start":{"line":20,"column":70},"end":{"line":20,"column":99}}]},"6":{"line":21,"type":"binary-expr","locations":[{"start":{"line":21,"column":15},"end":{"line":21,"column":28}},{"start":{"line":21,"column":32},"end":{"line":21,"column":43}}]},"7":{"line":26,"type":"cond-expr","locations":[{"start":{"line":26,"column":40},"end":{"line":26,"column":51}},{"start":{"line":26,"column":54},"end":{"line":26,"column":67}}]},"8":{"line":27,"type":"cond-expr","locations":[{"start":{"line":27,"column":33},"end":{"line":27,"column":38}},{"start":{"line":27,"column":41},"end":{"line":27,"column":48}}]},"9":{"line":28,"type":"binary-expr","locations":[{"start":{"line":28,"column":19},"end":{"line":28,"column":62}},{"start":{"line":28,"column":66},"end":{"line":28,"column":103}}]},"10":{"line":48,"type":"cond-expr","locations":[{"start":{"line":49,"column":14},"end":{"line":49,"column":80}},{"start":{"line":49,"column":83},"end":{"line":49,"column":113}}]},"11":{"line":55,"type":"if","locations":[{"start":{"line":55,"column":12},"end":{"line":55,"column":12}},{"start":{"line":55,"column":12},"end":{"line":55,"column":12}}]},"12":{"line":60,"type":"if","locations":[{"start":{"line":60,"column":8},"end":{"line":60,"column":8}},{"start":{"line":60,"column":8},"end":{"line":60,"column":8}}]},"13":{"line":71,"type":"cond-expr","locations":[{"start":{"line":72,"column":14},"end":{"line":72,"column":120}},{"start":{"line":73,"column":14},"end":{"line":73,"column":15}}]},"14":{"line":76,"type":"if","locations":[{"start":{"line":76,"column":12},"end":{"line":76,"column":12}},{"start":{"line":76,"column":12},"end":{"line":76,"column":12}}]}},"l":{"5":1,"7":1,"8":2,"9":2,"11":2,"12":314,"14":314,"15":314,"18":2,"19":310,"20":310,"21":310,"24":2,"25":30,"26":314,"27":314,"28":314,"32":2,"33":28,"37":1,"38":1,"39":1,"40":1,"41":1,"42":1,"44":1,"46":1,"47":1,"53":1,"54":28,"55":30,"56":26,"57":26,"60":28,"61":2,"62":2,"63":2,"68":1,"69":0,"70":0,"74":0,"75":0,"76":0,"77":0,"82":0,"85":1,"86":1,"89":1,"90":1,"93":1}}}
