TN:
SF:/Users/xwatkins/projects/ProtVista/src/Constants.js
FN:43,(anonymous_1)
FN:45,(anonymous_2)
FN:48,(anonymous_3)
FN:51,(anonymous_4)
FN:54,(anonymous_5)
FN:57,(anonymous_6)
FN:60,(anonymous_7)
FN:63,(anonymous_8)
FN:66,(anonymous_9)
FN:69,(anonymous_10)
FN:73,(anonymous_11)
FN:76,(anonymous_12)
FN:79,(anonymous_13)
FN:82,(anonymous_14)
FN:85,(anonymous_15)
FN:88,(anonymous_16)
FN:90,(anonymous_17)
FN:92,(anonymous_18)
FN:103,(anonymous_19)
FN:108,(anonymous_20)
FN:109,(anonymous_21)
FN:116,(anonymous_22)
FN:118,(anonymous_23)
FN:119,(anonymous_24)
FN:131,(anonymous_25)
FN:134,(anonymous_26)
FN:137,(anonymous_27)
FN:138,(anonymous_28)
FN:143,(anonymous_29)
FNF:29
FNH:15
FNDA:1,(anonymous_1)
FNDA:0,(anonymous_2)
FNDA:0,(anonymous_3)
FNDA:1,(anonymous_4)
FNDA:0,(anonymous_5)
FNDA:2,(anonymous_6)
FNDA:0,(anonymous_7)
FNDA:0,(anonymous_8)
FNDA:0,(anonymous_9)
FNDA:1,(anonymous_10)
FNDA:0,(anonymous_11)
FNDA:0,(anonymous_12)
FNDA:0,(anonymous_13)
FNDA:2,(anonymous_14)
FNDA:0,(anonymous_15)
FNDA:0,(anonymous_16)
FNDA:0,(anonymous_17)
FNDA:0,(anonymous_18)
FNDA:2,(anonymous_19)
FNDA:2,(anonymous_20)
FNDA:15,(anonymous_21)
FNDA:1,(anonymous_22)
FNDA:3,(anonymous_23)
FNDA:24,(anonymous_24)
FNDA:10,(anonymous_25)
FNDA:0,(anonymous_26)
FNDA:1,(anonymous_27)
FNDA:3,(anonymous_28)
FNDA:2,(anonymous_29)
DA:5,1
DA:6,1
DA:8,1
DA:12,1
DA:13,1
DA:35,1
DA:36,1
DA:37,1
DA:38,1
DA:39,1
DA:41,1
DA:43,1
DA:44,1
DA:46,0
DA:49,0
DA:52,1
DA:55,0
DA:58,2
DA:61,0
DA:64,0
DA:67,0
DA:70,1
DA:71,1
DA:74,0
DA:77,0
DA:80,0
DA:83,2
DA:86,0
DA:89,0
DA:90,0
DA:91,0
DA:92,0
DA:93,0
DA:94,0
DA:96,0
DA:97,0
DA:98,0
DA:101,0
DA:104,2
DA:105,2
DA:106,2
DA:109,2
DA:110,15
DA:112,2
DA:117,1
DA:118,1
DA:119,3
DA:120,24
DA:122,3
DA:123,1
DA:124,1
DA:126,2
DA:127,2
DA:132,10
DA:135,0
DA:138,1
DA:139,3
DA:140,3
DA:144,2
DA:145,2
DA:151,1
LF:61
LH:40
BRDA:96,1,0,0
BRDA:96,1,1,0
BRDA:112,2,0,1
BRDA:112,2,1,1
BRDA:122,3,0,1
BRDA:122,3,1,2
BRDA:145,4,0,1
BRDA:145,4,1,1
BRF:8
BRH:6
end_of_record
TN:
SF:/Users/xwatkins/projects/ProtVista/src/DataLoader.js
FN:10,(anonymous_1)
FN:12,(anonymous_2)
FN:22,(anonymous_3)
FN:23,(anonymous_4)
FN:28,(anonymous_5)
FN:38,(anonymous_6)
FN:61,(anonymous_7)
FN:63,(anonymous_8)
FN:66,(anonymous_9)
FN:68,(anonymous_10)
FN:82,(anonymous_11)
FN:96,(anonymous_12)
FN:110,(anonymous_13)
FN:112,(anonymous_14)
FN:124,(anonymous_15)
FN:130,(anonymous_16)
FN:132,(anonymous_17)
FN:147,(anonymous_18)
FN:162,(anonymous_19)
FNF:19
FNH:16
FNDA:337,(anonymous_1)
FNDA:616,(anonymous_2)
FNDA:3,(anonymous_3)
FNDA:729,(anonymous_4)
FNDA:25,(anonymous_5)
FNDA:439,(anonymous_6)
FNDA:1,(anonymous_7)
FNDA:0,(anonymous_8)
FNDA:1,(anonymous_9)
FNDA:204,(anonymous_10)
FNDA:7,(anonymous_11)
FNDA:10,(anonymous_12)
FNDA:1,(anonymous_13)
FNDA:86,(anonymous_14)
FNDA:0,(anonymous_15)
FNDA:1,(anonymous_16)
FNDA:0,(anonymous_17)
FNDA:806,(anonymous_18)
FNDA:439,(anonymous_19)
DA:5,1
DA:6,1
DA:7,1
DA:8,1
DA:10,1
DA:11,337
DA:12,337
DA:13,616
DA:14,262
DA:16,354
DA:19,337
DA:22,1
DA:23,3
DA:24,729
DA:25,337
DA:27,729
DA:28,14
DA:29,25
DA:30,0
DA:35,3
DA:38,1
DA:39,439
DA:40,439
DA:41,0
DA:42,0
DA:43,0
DA:44,0
DA:45,0
DA:46,0
DA:47,0
DA:48,0
DA:49,0
DA:50,0
DA:51,0
DA:52,0
DA:53,0
DA:54,0
DA:56,439
DA:58,439
DA:61,1
DA:62,1
DA:64,0
DA:67,1
DA:68,1
DA:69,204
DA:71,1
DA:72,1
DA:73,0
DA:74,0
DA:76,1
DA:78,1
DA:79,1
DA:80,1
DA:81,1
DA:82,1
DA:83,7
DA:84,0
DA:91,1
DA:92,0
DA:93,0
DA:94,0
DA:96,1
DA:97,10
DA:98,7
DA:104,1
DA:105,0
DA:106,0
DA:108,1
DA:111,1
DA:112,1
DA:113,86
DA:114,84
DA:116,2
DA:118,86
DA:120,1
DA:125,0
DA:126,0
DA:131,1
DA:132,0
DA:133,0
DA:136,1
DA:137,1
DA:139,1
DA:140,1
DA:146,1
DA:147,1
DA:148,806
DA:155,1
DA:162,1
DA:163,439
DA:164,439
DA:165,439
DA:166,439
DA:167,439
DA:168,434
DA:169,5
DA:170,5
DA:172,439
DA:173,0
DA:176,1
DA:183,1
LF:101
LH:72
BRDA:13,1,0,262
BRDA:13,1,1,354
BRDA:24,2,0,337
BRDA:24,2,1,392
BRDA:27,3,0,14
BRDA:27,3,1,715
BRDA:29,4,0,0
BRDA:29,4,1,25
BRDA:40,5,0,0
BRDA:40,5,1,439
BRDA:40,6,0,439
BRDA:40,6,1,0
BRDA:72,7,0,0
BRDA:72,7,1,1
BRDA:72,8,0,1
BRDA:72,8,1,0
BRDA:72,8,2,0
BRDA:83,9,0,0
BRDA:83,9,1,7
BRDA:91,10,0,0
BRDA:91,10,1,1
BRDA:97,11,0,7
BRDA:97,11,1,3
BRDA:104,12,0,0
BRDA:104,12,1,1
BRDA:113,13,0,84
BRDA:113,13,1,2
BRDA:131,14,0,0
BRDA:131,14,1,1
BRDA:131,15,0,1
BRDA:131,15,1,0
BRDA:136,16,0,1
BRDA:136,16,1,0
BRDA:164,17,0,439
BRDA:164,17,1,0
BRDA:165,18,0,439
BRDA:165,18,1,0
BRDA:166,19,0,439
BRDA:166,19,1,0
BRDA:167,20,0,434
BRDA:167,20,1,5
BRDA:167,21,0,439
BRDA:167,21,1,439
BRDA:169,22,0,5
BRDA:169,22,1,0
BRDA:172,23,0,0
BRDA:172,23,1,439
BRF:47
BRH:30
end_of_record
TN:
SF:/Users/xwatkins/projects/ProtVista/src/Evidence.js
FN:8,(anonymous_1)
FN:29,(anonymous_2)
FN:30,(anonymous_3)
FN:37,(anonymous_4)
FNF:4
FNH:1
FNDA:1,(anonymous_1)
FNDA:0,(anonymous_2)
FNDA:0,(anonymous_3)
FNDA:0,(anonymous_4)
DA:6,1
DA:8,1
DA:9,1
DA:30,0
DA:31,0
DA:38,0
DA:39,0
DA:40,0
DA:42,0
DA:44,0
DA:47,0
DA:50,0
DA:56,1
LF:13
LH:4
BRDA:38,1,0,0
BRDA:38,1,1,0
BRDA:39,2,0,0
BRDA:39,2,1,0
BRDA:40,3,0,0
BRDA:40,3,1,0
BRDA:40,4,0,0
BRDA:40,4,1,0
BRDA:40,4,2,0
BRDA:40,4,3,0
BRF:10
BRH:0
end_of_record
TN:
SF:/Users/xwatkins/projects/ProtVista/src/NonOverlappingLayout.js
FN:7,(anonymous_1)
FN:11,(anonymous_2)
FN:18,(anonymous_3)
FN:24,(anonymous_4)
FN:25,(anonymous_5)
FN:32,(anonymous_6)
FN:37,(anonymous_7)
FN:46,(anonymous_8)
FN:53,(anonymous_9)
FN:54,(anonymous_10)
FN:68,(anonymous_11)
FN:74,(anonymous_12)
FN:75,(anonymous_13)
FN:85,(anonymous_14)
FN:89,(anonymous_15)
FNF:15
FNH:12
FNDA:2,(anonymous_1)
FNDA:314,(anonymous_2)
FNDA:310,(anonymous_3)
FNDA:30,(anonymous_4)
FNDA:314,(anonymous_5)
FNDA:28,(anonymous_6)
FNDA:1,(anonymous_7)
FNDA:1,(anonymous_8)
FNDA:28,(anonymous_9)
FNDA:30,(anonymous_10)
FNDA:0,(anonymous_11)
FNDA:0,(anonymous_12)
FNDA:0,(anonymous_13)
FNDA:1,(anonymous_14)
FNDA:1,(anonymous_15)
DA:5,1
DA:7,1
DA:8,2
DA:9,2
DA:11,2
DA:12,314
DA:14,314
DA:15,314
DA:18,2
DA:19,310
DA:20,310
DA:21,310
DA:24,2
DA:25,30
DA:26,314
DA:27,314
DA:28,314
DA:32,2
DA:33,28
DA:37,1
DA:38,1
DA:39,1
DA:40,1
DA:41,1
DA:42,1
DA:44,1
DA:46,1
DA:47,1
DA:53,1
DA:54,28
DA:55,30
DA:56,26
DA:57,26
DA:60,28
DA:61,2
DA:62,2
DA:63,2
DA:68,1
DA:69,0
DA:70,0
DA:74,0
DA:75,0
DA:76,0
DA:77,0
DA:82,0
DA:85,1
DA:86,1
DA:89,1
DA:90,1
DA:93,1
LF:50
LH:43
BRDA:12,1,0,314
BRDA:12,1,1,240
BRDA:14,2,0,314
BRDA:14,2,1,241
BRDA:15,3,0,314
BRDA:15,3,1,311
BRDA:19,4,0,310
BRDA:19,4,1,73
BRDA:20,5,0,310
BRDA:20,5,1,73
BRDA:21,6,0,310
BRDA:21,6,1,310
BRDA:26,7,0,314
BRDA:26,7,1,0
BRDA:27,8,0,314
BRDA:27,8,1,0
BRDA:28,9,0,314
BRDA:28,9,1,310
BRDA:48,10,0,0
BRDA:48,10,1,1
BRDA:55,11,0,26
BRDA:55,11,1,4
BRDA:60,12,0,2
BRDA:60,12,1,26
BRDA:71,13,0,0
BRDA:71,13,1,0
BRDA:76,14,0,0
BRDA:76,14,1,0
BRF:28
BRH:21
end_of_record
